<?xml version="1.0" encoding="UTF-8"?>
<testsuite name="testExampele" tests="1" skipped="0" failures="0" errors="0" timestamp="2022-10-17T19:31:20" hostname="pop-os" time="0.02">
  <properties/>
  <testcase name="showAssertion()" classname="testExampele" time="0.02"/>
  <system-out><![CDATA[]]></system-out>
  <system-err><![CDATA[]]></system-err>
</testsuite>
